SF:lib/domain/model/address_model.dart
DA:11,2
LF:1
LH:1
end_of_record
SF:lib/domain/model/geolocation_model.dart
DA:6,2
LF:1
LH:1
end_of_record
SF:lib/domain/model/categories_model.dart
DA:5,2
LF:1
LH:1
end_of_record
SF:lib/domain/model/login_params_model.dart
DA:6,2
LF:1
LH:1
end_of_record
SF:lib/domain/model/name_model.dart
DA:6,2
LF:1
LH:1
end_of_record
SF:lib/domain/model/product_model.dart
DA:15,2
LF:1
LH:1
end_of_record
SF:lib/domain/model/rating_model.dart
DA:6,2
LF:1
LH:1
end_of_record
SF:lib/domain/model/user_model.dart
DA:12,2
LF:1
LH:1
end_of_record
SF:lib/infrastructure/errors/response_error.dart
DA:5,1
LF:1
LH:1
end_of_record
SF:lib/infrastructure/api/fake_api.dart
DA:6,1
DA:10,1
DA:11,1
DA:14,1
DA:17,1
DA:20,1
LF:6
LH:6
end_of_record
SF:lib/infrastructure/mappers/address_mapper.dart
DA:7,2
DA:8,1
DA:9,1
DA:10,1
DA:11,1
DA:13,2
LF:6
LH:6
end_of_record
SF:lib/infrastructure/mappers/geolocation_mapper.dart
DA:6,1
DA:7,1
DA:8,1
DA:9,1
LF:4
LH:4
end_of_record
SF:lib/infrastructure/mappers/categories_mapper.dart
DA:8,2
DA:9,4
LF:2
LH:2
end_of_record
SF:lib/infrastructure/mappers/login_params_mapper.dart
DA:6,1
DA:7,3
LF:2
LH:2
end_of_record
SF:lib/infrastructure/mappers/name_mapper.dart
DA:6,2
DA:7,1
DA:8,1
LF:3
LH:3
end_of_record
SF:lib/infrastructure/mappers/product_mapper.dart
DA:9,1
DA:10,1
DA:11,1
DA:12,1
DA:13,2
DA:14,1
DA:15,1
DA:16,1
DA:17,2
DA:21,1
DA:22,1
DA:23,4
LF:12
LH:12
end_of_record
SF:lib/infrastructure/mappers/rating_mapper.dart
DA:6,2
DA:7,2
DA:8,1
LF:3
LH:3
end_of_record
SF:lib/infrastructure/mappers/user_mapper.dart
DA:8,2
DA:9,1
DA:10,1
DA:11,1
DA:12,2
DA:13,2
DA:14,1
LF:7
LH:7
end_of_record
SF:lib/fake_api_source_package.dart
DA:14,1
DA:18,1
DA:19,2
DA:24,1
DA:26,2
DA:30,1
DA:31,2
DA:35,1
DA:36,2
DA:40,1
DA:42,2
LF:11
LH:11
end_of_record
